[11:04:45.707][info] [#0:/home/0x/.local/share/nvim/mason/packages/lua-language-server/extension/server/main.lua:66]: Lua Lsp startup, root: 	/home/0x/.local/share/nvim/mason/packages/lua-language-server/extension/server
[11:04:45.707][info] [#0:/home/0x/.local/share/nvim/mason/packages/lua-language-server/extension/server/main.lua:67]: ROOT:	/home/0x/.local/share/nvim/mason/packages/lua-language-server/extension/server
[11:04:45.707][info] [#0:/home/0x/.local/share/nvim/mason/packages/lua-language-server/extension/server/main.lua:68]: LOGPATH:	/home/0x/.local/share/nvim/mason/packages/lua-language-server/extension/server/log
[11:04:45.707][info] [#0:/home/0x/.local/share/nvim/mason/packages/lua-language-server/extension/server/main.lua:69]: METAPATH:	/home/0x/.local/share/nvim/mason/packages/lua-language-server/extension/server/meta
[11:04:45.709][info] [#0:/home/0x/.local/share/nvim/mason/packages/lua-language-server/extension/server/main.lua:70]: VERSION:	3.6.4-dev
[11:04:45.764][info] [#0:script/service/service.lua:141]: 
========= Medical Examination Report =========
    --------------- Memory ---------------
        Total: 1.563 MB
        # 00 : 1.563 MB
        # 01 : 0.000 MB
        # 02 : 0.000 MB
        # 03 : 0.000 MB
        # 04 : 0.000 MB
    --------------- Coroutine ---------------
        Total:     0
        Running:   0
        Suspended: 0
        Normal:    0
        Dead:      0
    --------------- Cache ---------------
        Total: 1
        Dead:  0
    ---------------  RPC  ---------------
        Holdon:   0
        Waiting:  0
==============================================
[11:04:45.775][info] [#0:script/language.lua:137]: VSC language: nil
[11:04:45.775][info] [#0:script/language.lua:138]: LS  language: en-us
[11:04:45.775][info] [#0:script/workspace/workspace.lua:38]: Workspace init root: 	file:///home/0x/.config/nvim/lua/
[11:04:45.775][info] [#0:script/workspace/workspace.lua:42]: Log path: 	/home/0x/.local/share/nvim/mason/packages/lua-language-server/extension/server/log/file_home_0x_.config_nvim_lua_.log
[11:04:45.775][info] [#0:script/workspace/workspace.lua:51]: Workspace create: 	file:///home/0x/.config/nvim/lua/
[11:04:45.779][info] [#0:script/provider/provider.lua:41]: Load config from client	file:///home/0x/.config/nvim/lua/
[11:04:45.779][info] [#0:script/provider/provider.lua:42]: {
  Lua = {
    diagnostics = {
      globals = { "vim" }
    },
    telemetry = {
      enable = false
    }
  }
}
[11:04:45.779][info] [#0:script/provider/provider.lua:41]: Load config from client	file:///home/0x/.config/nvim/lua/
[11:04:45.779][info] [#0:script/provider/provider.lua:42]: {
  Lua = {
    diagnostics = {
      globals = { "vim" }
    },
    telemetry = {
      enable = false
    }
  }
}
[11:04:45.779][info] [#0:script/provider/provider.lua:41]: Load config from client	file:///home/0x/.config/nvim/lua/
[11:04:45.779][info] [#0:script/provider/provider.lua:42]: {
  Lua = {
    diagnostics = {
      globals = { "vim" }
    },
    telemetry = {
      enable = false
    }
  }
}
[11:04:45.779][info] [#0:script/provider/provider.lua:56]: Load config from client	fallback
[11:04:45.779][info] [#0:script/provider/provider.lua:57]: {
  Lua = {
    diagnostics = {
      globals = { "vim" }
    },
    telemetry = {
      enable = false
    }
  }
}
[11:04:45.780][info] [#0:script/library.lua:209]: Init builtin library at:	file:///home/0x/.config/nvim/lua/
[11:04:45.800][info] [#0:script/plugin.lua:86]: plugin path:	/home/0x/.config/nvim/lua
[11:04:45.801][warn] [#0:script/plugin.lua:101]: plugin not found:	/home/0x/.config/nvim/lua
[11:04:45.801][info] [#0:script/library.lua:209]: Init builtin library at:	nil
[11:04:45.813][info] [#0:script/provider/provider.lua:56]: Load config from client	fallback
[11:04:45.813][info] [#0:script/provider/provider.lua:57]: {
  Lua = {
    diagnostics = {
      globals = { "vim" }
    },
    telemetry = {
      enable = false
    }
  }
}
[11:04:45.813][info] [#0:script/provider/provider.lua:56]: Load config from client	fallback
[11:04:45.813][info] [#0:script/provider/provider.lua:57]: {
  Lua = {
    diagnostics = {
      globals = { "vim" }
    },
    telemetry = {
      enable = false
    }
  }
}
[11:04:45.914][info] [#0:script/workspace/workspace.lua:304]: Preload start:	file:///home/0x/.config/nvim/lua/
[11:04:45.916][info] [#0:script/workspace/workspace.lua:310]: Scan files at:	file:///home/0x/.config/nvim/lua/
[11:04:45.941][info] [#0:script/workspace/workspace.lua:304]: Preload start:	<fallback>
[11:04:45.942][info] [#0:script/workspace/workspace.lua:327]: Scan library at:	file:///home/0x/.local/share/nvim/mason/packages/lua-language-server/extension/server/meta/Lua%205.4%20en-us%20utf8
[11:04:45.944][info] [#0:script/workspace/workspace.lua:327]: Scan library at:	file:///home/0x/.local/share/nvim/mason/packages/lua-language-server/extension/server/meta/Lua%205.4%20en-us%20utf8
[11:04:46.045][info] [#0:script/workspace/workspace.lua:347]: Found 11 files at:	<fallback>
[11:04:46.045][info] [#0:script/workspace/loading.lua:157]: Load files from disk:	<fallback>
[11:04:46.045][info] [#0:script/workspace/workspace.lua:347]: Found 29 files at:	file:///home/0x/.config/nvim/lua/
[11:04:46.046][info] [#0:script/workspace/loading.lua:157]: Load files from disk:	file:///home/0x/.config/nvim/lua/
[11:04:46.115][info] [#0:script/workspace/loading.lua:169]: Loaded files takes [0.080] sec: file:///home/0x/.config/nvim/lua/
[11:04:46.115][info] [#0:script/workspace/loading.lua:178]: Compile files takes [0.000] sec: file:///home/0x/.config/nvim/lua/
[11:04:46.115][info] [#0:script/workspace/loading.lua:179]: Loaded finish:	file:///home/0x/.config/nvim/lua/
[11:04:46.115][info] [#0:script/workspace/workspace.lua:349]: Preload finish at:	file:///home/0x/.config/nvim/lua/
[11:04:46.140][warn] [#0:script/proto/proto.lua:122]: Response of [workspace/diagnostic/refresh] error [-32601]: MethodNotFound
[11:04:46.242][info] [#0:script/workspace/loading.lua:169]: Loaded files takes [0.100] sec: <fallback>
[11:04:46.242][info] [#0:script/workspace/loading.lua:178]: Compile files takes [0.000] sec: <fallback>
[11:04:46.242][info] [#0:script/workspace/loading.lua:179]: Loaded finish:	<fallback>
[11:04:46.242][info] [#0:script/workspace/workspace.lua:349]: Preload finish at:	<fallback>
[11:04:46.358][warn] [#0:script/proto/proto.lua:122]: Response of [workspace/diagnostic/refresh] error [-32601]: MethodNotFound
[11:04:47.198][info] [#0:script/provider/diagnostic.lua:552]: Diagnostics scope [file:///home/0x/.config/nvim/lua/], files count:[29]
[11:04:47.285][info] [#0:script/provider/diagnostic.lua:569]: Diagnostics scope [file:///home/0x/.config/nvim/lua/] finished, takes [0.080] sec.
[11:09:15.424][info] [#0:script/provider/provider.lua:170]: Server shutdown.
[11:09:15.424][warn] [#0:script/pub/report.lua:25]: Load proto error:	Disconnected!
