[11:04:45.707][info] [#0:/home/0x/.local/share/nvim/mason/packages/lua-language-server/extension/server/main.lua:66]: Lua Lsp startup, root: 	/home/0x/.local/share/nvim/mason/packages/lua-language-server/extension/server
[11:04:45.707][info] [#0:/home/0x/.local/share/nvim/mason/packages/lua-language-server/extension/server/main.lua:67]: ROOT:	/home/0x/.local/share/nvim/mason/packages/lua-language-server/extension/server
[11:04:45.707][info] [#0:/home/0x/.local/share/nvim/mason/packages/lua-language-server/extension/server/main.lua:68]: LOGPATH:	/home/0x/.local/share/nvim/mason/packages/lua-language-server/extension/server/log
[11:04:45.707][info] [#0:/home/0x/.local/share/nvim/mason/packages/lua-language-server/extension/server/main.lua:69]: METAPATH:	/home/0x/.local/share/nvim/mason/packages/lua-language-server/extension/server/meta
[11:04:45.709][info] [#0:/home/0x/.local/share/nvim/mason/packages/lua-language-server/extension/server/main.lua:70]: VERSION:	3.6.4-dev
[11:04:45.764][info] [#0:script/service/service.lua:141]: 
========= Medical Examination Report =========
    --------------- Memory ---------------
        Total: 1.563 MB
        # 00 : 1.563 MB
        # 01 : 0.000 MB
        # 02 : 0.000 MB
        # 03 : 0.000 MB
        # 04 : 0.000 MB
    --------------- Coroutine ---------------
        Total:     0
        Running:   0
        Suspended: 0
        Normal:    0
        Dead:      0
    --------------- Cache ---------------
        Total: 1
        Dead:  0
    ---------------  RPC  ---------------
        Holdon:   0
        Waiting:  0
==============================================
[11:04:45.775][info] [#0:script/language.lua:137]: VSC language: nil
[11:04:45.775][info] [#0:script/language.lua:138]: LS  language: en-us
[11:04:45.775][info] [#0:script/workspace/workspace.lua:38]: Workspace init root: 	file:///home/0x/.config/nvim/lua/
[11:04:45.775][info] [#0:script/workspace/workspace.lua:42]: Log path: 	/home/0x/.local/share/nvim/mason/packages/lua-language-server/extension/server/log/file_home_0x_.config_nvim_lua_.log
